Build started 2/2/2015 5:24:31 PM.
     1>Project "C:\Users\Rajesh\Documents\Visual Studio 2013\Projects\ConsoleApplication1\ConsoleApplication1\ConsoleApplication1.vcxproj" on node 2 (Build target(s)).
     1>ClCompile:
         C:\Program Files (x86)\Microsoft Visual Studio 12.0\VC\bin\CL.exe /c /ZI /nologo /W3 /WX- /sdl /Od /Oy- /D WIN32 /D _DEBUG /D _CONSOLE /D _LIB /D _UNICODE /D UNICODE /Gm /EHsc /RTC1 /MDd /GS /fp:precise /Zc:wchar_t /Zc:forScope /Yc"stdafx.h" /Fp"Debug\ConsoleApplication1.pch" /Fo"Debug\\" /Fd"Debug\vc120.pdb" /Gd /TP /analyze- /errorReport:prompt stdafx.cpp
         stdafx.cpp
         C:\Program Files (x86)\Microsoft Visual Studio 12.0\VC\bin\CL.exe /c /ZI /nologo /W3 /WX- /sdl /Od /Oy- /D WIN32 /D _DEBUG /D _CONSOLE /D _LIB /D _UNICODE /D UNICODE /Gm /EHsc /RTC1 /MDd /GS /fp:precise /Zc:wchar_t /Zc:forScope /Yu"stdafx.h" /Fp"Debug\ConsoleApplication1.pch" /Fo"Debug\\" /Fd"Debug\vc120.pdb" /Gd /TP /analyze- /errorReport:prompt ConsoleApplication1.cpp
         ConsoleApplication1.cpp
     1>c:\users\rajesh\documents\visual studio 2013\projects\consoleapplication1\consoleapplication1\consoleapplication1.cpp(5): warning C4627: '#include <stdlib.h>': skipped when looking for precompiled header use
                 Add directive to 'stdafx.h' or rebuild precompiled header
     1>c:\users\rajesh\documents\visual studio 2013\projects\consoleapplication1\consoleapplication1\consoleapplication1.cpp(6): warning C4627: '#include <ctype.h>': skipped when looking for precompiled header use
                 Add directive to 'stdafx.h' or rebuild precompiled header
     1>c:\users\rajesh\documents\visual studio 2013\projects\consoleapplication1\consoleapplication1\consoleapplication1.cpp(7): warning C4627: '#include <graphics.h>': skipped when looking for precompiled header use
                 Add directive to 'stdafx.h' or rebuild precompiled header
     1>c:\users\rajesh\documents\visual studio 2013\projects\consoleapplication1\consoleapplication1\consoleapplication1.cpp(8): warning C4627: '#include <dos.h>': skipped when looking for precompiled header use
                 Add directive to 'stdafx.h' or rebuild precompiled header
     1>c:\users\rajesh\documents\visual studio 2013\projects\consoleapplication1\consoleapplication1\consoleapplication1.cpp(9): warning C4627: '#include <time.h>': skipped when looking for precompiled header use
                 Add directive to 'stdafx.h' or rebuild precompiled header
     1>c:\users\rajesh\documents\visual studio 2013\projects\consoleapplication1\consoleapplication1\consoleapplication1.cpp(956): fatal error C1010: unexpected end of file while looking for precompiled header. Did you forget to add '#include "stdafx.h"' to your source?
     1>Done Building Project "C:\Users\Rajesh\Documents\Visual Studio 2013\Projects\ConsoleApplication1\ConsoleApplication1\ConsoleApplication1.vcxproj" (Build target(s)) -- FAILED.

Build FAILED.

Time Elapsed 00:00:03.45
